This is pdfTeXk, Version 3.141592-1.40.3 (Web2C 7.5.6) (format=pdflatex 2014.9.3)  19 NOV 2014 16:44
entering extended mode
 %&-line parsing enabled.
**main.tex
(./main.tex
LaTeX2e <2005/12/01>
Babel <v3.8h> and hyphenation patterns for english, usenglishmax, dumylang, noh
yphenation, arabic, basque, bulgarian, coptic, welsh, czech, slovak, german, ng
erman, danish, esperanto, spanish, catalan, galician, estonian, farsi, finnish,
 french, greek, monogreek, ancientgreek, croatian, hungarian, interlingua, ibyc
us, indonesian, icelandic, italian, latin, mongolian, dutch, norsk, polish, por
tuguese, pinyin, romanian, russian, slovenian, uppersorbian, serbian, swedish, 
turkish, ukenglish, ukrainian, loaded.
(./www2012-accepted.cls (/usr/share/texmf/tex/latex/graphics/epsfig.sty
Package: epsfig 1999/02/16 v1.7a (e)psfig emulation (SPQR)

(/usr/share/texmf/tex/latex/graphics/graphicx.sty
Package: graphicx 1999/02/16 v1.0f Enhanced LaTeX Graphics (DPC,SPQR)

(/usr/share/texmf/tex/latex/graphics/keyval.sty
Package: keyval 1999/03/16 v1.13 key=value parser (DPC)
\KV@toks@=\toks14
)
(/usr/share/texmf/tex/latex/graphics/graphics.sty
Package: graphics 2006/02/20 v1.0o Standard LaTeX Graphics (DPC,SPQR)

(/usr/share/texmf/tex/latex/graphics/trig.sty
Package: trig 1999/03/16 v1.09 sin cos tan (DPC)
)
(/usr/share/texmf/tex/latex/config/graphics.cfg
File: graphics.cfg 2007/01/18 v1.5 graphics configuration of teTeX/TeXLive
)
Package graphics Info: Driver file: pdftex.def on input line 90.

(/usr/share/texmf/tex/latex/pdftex-def/pdftex.def
File: pdftex.def 2007/01/08 v0.04d Graphics/color for pdfTeX
\Gread@gobject=\count79
))
\Gin@req@height=\dimen102
\Gin@req@width=\dimen103
)
\epsfxsize=\dimen104
\epsfysize=\dimen105
)
(/usr/share/texmf/tex/latex/amsfonts/amssymb.sty
Package: amssymb 2002/01/22 v2.2d

(/usr/share/texmf/tex/latex/amsfonts/amsfonts.sty
Package: amsfonts 2001/10/25 v2.2f
\@emptytoks=\toks15
\symAMSa=\mathgroup4
\symAMSb=\mathgroup5
LaTeX Font Info:    Overwriting math alphabet `\mathfrak' in version `bold'
(Font)                  U/euf/m/n --> U/euf/b/n on input line 132.
))
(/usr/share/texmf/tex/latex/amsmath/amsmath.sty
Package: amsmath 2000/07/18 v2.13 AMS math features
\@mathmargin=\skip41

For additional information on amsmath, use the `?' option.
(/usr/share/texmf/tex/latex/amsmath/amstext.sty
Package: amstext 2000/06/29 v2.01

(/usr/share/texmf/tex/latex/amsmath/amsgen.sty
File: amsgen.sty 1999/11/30 v2.0
\@emptytoks=\toks16
\ex@=\dimen106
))
(/usr/share/texmf/tex/latex/amsmath/amsbsy.sty
Package: amsbsy 1999/11/29 v1.2d
\pmbraise@=\dimen107
)
(/usr/share/texmf/tex/latex/amsmath/amsopn.sty
Package: amsopn 1999/12/14 v2.01 operator names
)
\inf@bad=\count80
LaTeX Info: Redefining \frac on input line 211.
\uproot@=\count81
\leftroot@=\count82
LaTeX Info: Redefining \overline on input line 307.
\classnum@=\count83
\DOTSCASE@=\count84
LaTeX Info: Redefining \ldots on input line 379.
LaTeX Info: Redefining \dots on input line 382.
LaTeX Info: Redefining \cdots on input line 467.
\Mathstrutbox@=\box26
\strutbox@=\box27
\big@size=\dimen108
LaTeX Font Info:    Redeclaring font encoding OML on input line 567.
LaTeX Font Info:    Redeclaring font encoding OMS on input line 568.
\macc@depth=\count85
\c@MaxMatrixCols=\count86
\dotsspace@=\muskip10
\c@parentequation=\count87
\dspbrk@lvl=\count88
\tag@help=\toks17
\row@=\count89
\column@=\count90
\maxfields@=\count91
\andhelp@=\toks18
\eqnshift@=\dimen109
\alignsep@=\dimen110
\tagshift@=\dimen111
\tagwidth@=\dimen112
\totwidth@=\dimen113
\lineht@=\dimen114
\@envbody=\toks19
\multlinegap=\skip42
\multlinetaggap=\skip43
\mathdisplay@stack=\toks20
LaTeX Info: Redefining \[ on input line 2666.
LaTeX Info: Redefining \] on input line 2667.
)
Document Class 'www2012-accepted From www-release by Gerry Murray
Based in part upon document Style `acmconf' <22 May 89>. Hacked 4/91 by
shivers@cs.cmu.edu, 4/93 by theobald@cs.mcgill.ca
Excerpts were taken from (Journal Style) 'esub2acm.cls'.
****** Bugs/comments/suggestions/technicalities to Gerry Murray -- murray@hq.ac
m.org ******
Questions on the style, SIGS policies, etc. to Julie Goetz goetz@acm.org or Adr
ienne Griscti griscti@acm.org
\footheight=\dimen115
\@maxsep=\dimen116
\@dblmaxsep=\dimen117
\aucount=\count92
\originalaucount=\count93
\auwidth=\dimen118
\auskip=\dimen119
\auskipcount=\count94
\auskip=\dimen120
\allauboxes=\dimen121
\addauthors=\toks21
\addauflag=\count95
\subtitletext=\toks22
\savesection=\count96
\sectioncntr=\count97
\c@figure=\count98
\c@table=\count99
\titleboxnotes=\toks23
\titleboxnoteflag=\count100
Document Class: www2012-accepted 2012/01/26 V2.0 based on sig-alt-release.cls
(/usr/share/texmf/tex/latex/base/latexsym.sty
Package: latexsym 1998/08/17 v2.2e Standard LaTeX package (lasy symbols)
\symlasy=\mathgroup6
LaTeX Font Info:    Overwriting symbol font `lasy' in version `bold'
(Font)                  U/lasy/m/n --> U/lasy/b/n on input line 47.
)
\@acmtitlebox=\box28
\titlenotecount=\count101
\tntoks=\toks24
\tntokstwo=\toks25
\tntoksthree=\toks26
\tntoksfour=\toks27
\tntoksfive=\toks28
\catcount=\count102
\copyrightnotice=\toks29
\conf=\toks30
\confinfo=\toks31
\c@part=\count103
\c@section=\count104
\c@subsection=\count105
\c@subsubsection=\count106
\c@paragraph=\count107

Using 'Abbrev' bibliography style
LaTeX Info: Redefining \cite on input line 1205.
\bibindent=\dimen122
\colcntr=\count108
\saveb@x=\box29
\copyrtyr=\toks32
\acmcopyr=\toks33
\boilerplate=\toks34
\copyrightetc=\toks35
(/usr/share/texmf/tex/latex/base/fontenc.sty
Package: fontenc 2005/09/27 v1.99g Standard LaTeX package

(/usr/share/texmf/tex/latex/base/t1enc.def
File: t1enc.def 2005/09/27 v1.99g Standard LaTeX file
LaTeX Font Info:    Redeclaring font encoding T1 on input line 43.
)
LaTeX Font Info:    Try loading font information for T1+aer on input line 100.

(/usr/share/texmf/tex/latex/ae/t1aer.fd
File: t1aer.fd 1997/11/16 Font definitions for T1/aer.
)))
(/usr/share/texmf/tex/latex/html/url.sty
Package: url 1999/03/02  ver 1.4  Verb mode for urls, email addresses, and file
 names
)
(/usr/share/texmf/tex/latex/hyperref/hyperref.sty
Package: hyperref 2007/02/07 v6.75r Hypertext links for LaTeX
\@linkdim=\dimen123
\Hy@linkcounter=\count109
\Hy@pagecounter=\count110

(/usr/share/texmf/tex/latex/hyperref/pd1enc.def
File: pd1enc.def 2007/02/07 v6.75r Hyperref: PDFDocEncoding definition (HO)
)
(/usr/share/texmf/tex/latex/config/hyperref.cfg
File: hyperref.cfg 2002/06/06 v1.2 hyperref configuration of TeXLive
)
(/usr/share/texmf/tex/latex/oberdiek/kvoptions.sty
Package: kvoptions 2006/08/22 v2.4 Connects package keyval with LaTeX options (
HO)
)
Package hyperref Info: Hyper figures OFF on input line 2288.
Package hyperref Info: Link nesting OFF on input line 2293.
Package hyperref Info: Hyper index ON on input line 2296.
Package hyperref Info: Plain pages OFF on input line 2303.
Package hyperref Info: Backreferencing OFF on input line 2308.

Implicit mode ON; LaTeX internals redefined
Package hyperref Info: Bookmarks ON on input line 2444.
LaTeX Info: Redefining \url on input line 2599.
\Fld@menulength=\count111
\Field@Width=\dimen124
\Fld@charsize=\dimen125
\Choice@toks=\toks36
\Field@toks=\toks37
Package hyperref Info: Hyper figures OFF on input line 3102.
Package hyperref Info: Link nesting OFF on input line 3107.
Package hyperref Info: Hyper index ON on input line 3110.
Package hyperref Info: backreferencing OFF on input line 3117.
Package hyperref Info: Link coloring OFF on input line 3122.

Package hyperref Warning: Option `pdfpagelabels' is turned off
(hyperref)                because \thepage is undefined.

\c@Item=\count112
\c@Hfootnote=\count113
)
*hyperref using default driver hpdftex*
(/usr/share/texmf/tex/latex/hyperref/hpdftex.def
File: hpdftex.def 2007/02/07 v6.75r Hyperref driver for pdfTeX
\Fld@listcount=\count114
)
(/usr/share/texmf/tex/latex/psnfss/times.sty
Package: times 2005/04/12 PSNFSS-v9.2a (SPQR) 
)
(/usr/share/texmf/tex/latex/graphics/color.sty
Package: color 2005/11/14 v1.0j Standard LaTeX Color (DPC)

(/usr/share/texmf/tex/latex/config/color.cfg
File: color.cfg 2007/01/18 v1.5 color configuration of teTeX/TeXLive
)
Package color Info: Driver file: pdftex.def on input line 130.
)
(/usr/share/texmf/tex/latex/tools/verbatim.sty
Package: verbatim 2003/08/22 v1.5q LaTeX2e package for verbatim enhancements
\every@verbatim=\toks38
\verbatim@line=\toks39
\verbatim@in@stream=\read1
)
(/usr/share/texmf/tex/latex/multirow/multirow.sty
\bigstrutjot=\dimen126
) (./main.aux)
\openout1 = `main.aux'.

LaTeX Font Info:    Checking defaults for OML/cmm/m/it on input line 42.
LaTeX Font Info:    ... okay on input line 42.
LaTeX Font Info:    Checking defaults for T1/cmr/m/n on input line 42.
LaTeX Font Info:    ... okay on input line 42.
LaTeX Font Info:    Checking defaults for OT1/cmr/m/n on input line 42.
LaTeX Font Info:    ... okay on input line 42.
LaTeX Font Info:    Checking defaults for OMS/cmsy/m/n on input line 42.
LaTeX Font Info:    ... okay on input line 42.
LaTeX Font Info:    Checking defaults for OMX/cmex/m/n on input line 42.
LaTeX Font Info:    ... okay on input line 42.
LaTeX Font Info:    Checking defaults for U/cmr/m/n on input line 42.
LaTeX Font Info:    ... okay on input line 42.
LaTeX Font Info:    Checking defaults for PD1/pdf/m/n on input line 42.
LaTeX Font Info:    ... okay on input line 42.
LaTeX Font Info:    Try loading font information for T1+ptm on input line 42.

(/usr/share/texmf/tex/latex/psnfss/t1ptm.fd
File: t1ptm.fd 2001/06/04 font definitions for T1/ptm.
)
(/usr/share/texmf/tex/context/base/supp-pdf.tex
[Loading MPS to PDF converter (version 2006.09.02).]
\scratchcounter=\count115
\scratchdimen=\dimen127
\scratchbox=\box30
\nofMPsegments=\count116
\nofMParguments=\count117
\MPscratchCnt=\count118
\MPscratchDim=\dimen128
\MPnumerator=\count119
\everyMPtoPDFconversion=\toks40
)
Package hyperref Info: Link coloring OFF on input line 42.
 (/usr/share/texmf/tex/latex/hyperref/nameref.sty
Package: nameref 2006/12/27 v2.28 Cross-referencing by name of section

(/usr/share/texmf/tex/latex/oberdiek/refcount.sty
Package: refcount 2006/02/20 v3.0 Data extraction from references (HO)
)
\c@section@level=\count120
)
LaTeX Info: Redefining \ref on input line 42.
LaTeX Info: Redefining \pageref on input line 42.
 (./main.out) (./main.out)
\@outlinefile=\write3
\openout3 = `main.out'.


(./abstract.tex
Underfull \hbox (badness 10000) in paragraph at lines 4--6

 []


Underfull \hbox (badness 10000) in paragraph at lines 4--6

 []


Underfull \hbox (badness 10000) in paragraph at lines 7--9

 []


Underfull \hbox (badness 10000) in paragraph at lines 7--9

 []


Underfull \hbox (badness 10000) in paragraph at lines 10--15

 []


Underfull \hbox (badness 10000) in paragraph at lines 10--15

 []


Underfull \hbox (badness 10000) in paragraph at lines 10--15

 []


Underfull \hbox (badness 10000) in paragraph at lines 35--40

 []


Underfull \hbox (badness 10000) in paragraph at lines 35--40

 []


Underfull \hbox (badness 10000) in paragraph at lines 35--40

 []

) (./intro.tex
Underfull \hbox (badness 10000) in paragraph at lines 3--5

 []


Underfull \hbox (badness 10000) in paragraph at lines 3--5

 []


Underfull \hbox (badness 10000) in paragraph at lines 6--8

 []


Underfull \hbox (badness 10000) in paragraph at lines 6--8

 []


Underfull \hbox (badness 10000) in paragraph at lines 15--20

 []


Underfull \hbox (badness 10000) in paragraph at lines 15--20

 []


Underfull \hbox (badness 10000) in paragraph at lines 15--20

 []

<figs/natural-images.pdf, id=55, 794.97pt x 614.295pt>
File: figs/natural-images.pdf Graphic file (type pdf)

<use figs/natural-images.pdf>
LaTeX Font Info:    Font shape `T1/ptm/bx/n' in size <9> not available
(Font)              Font shape `T1/ptm/b/n' tried instead on input line 41.
 [1

{/var/lib/texmf/fonts/map/pdftex/updmap/pdftex.map}]

LaTeX Warning: Citation `greatsunflower' on page \thepage  undefined on input l
ine 70.


LaTeX Warning: Citation `ebirds' on page \thepage  undefined on input line 70.


LaTeX Warning: Citation `king09snowtweets' on page \thepage  undefined on input
 line 71.


LaTeX Warning: Citation `jin10prediction' on page \thepage  undefined on input 
line 75.


LaTeX Warning: Citation `digrazia13' on page \thepage  undefined on input line 
75.


LaTeX Warning: Citation `bollen11twitter' on page \thepage  undefined on input 
line 76.


LaTeX Warning: Citation `ginsberg09flu' on page \thepage  undefined on input li
ne 77.


LaTeX Warning: Citation `Sakaki:2010uv' on page \thepage  undefined on input li
ne 77.


LaTeX Warning: Citation `meteo' on page \thepage  undefined on input line 78.


LaTeX Warning: Citation `ecology2012www' on page \thepage  undefined on input l
ine 100.


LaTeX Warning: Citation `modissnow' on page \thepage  undefined on input line 1
09.


Overfull \hbox (3.19548pt too wide) in paragraph at lines 93--115
\T1/ptm/m/n/9 defined but nev-er-the-less in-ter-est-ing prob-lem: de-cid-ing w
hether there
 []


LaTeX Warning: Citation `XiaoHEOT10' on page \thepage  undefined on input line 
124.


LaTeX Warning: Citation `li2007event' on page \thepage  undefined on input line
 124.


LaTeX Warning: Citation `li2009totalscene' on page \thepage  undefined on input
 line 124.


LaTeX Warning: Citation `luo2003spatialcontext' on page \thepage  undefined on 
input line 126.


LaTeX Warning: Citation `boutell2006semanticfeature' on page \thepage  undefine
d on input line 126.


Underfull \hbox (badness 10000) in paragraph at lines 145--150

 []


Underfull \hbox (badness 10000) in paragraph at lines 145--150

 []


Underfull \hbox (badness 10000) in paragraph at lines 145--150

 []


LaTeX Warning: Citation `Kremerskothen11' on page \thepage  undefined on input 
line 158.


LaTeX Warning: Citation `ginsberg09flu' on page \thepage  undefined on input li
ne 171.


LaTeX Warning: Citation `delongueville09' on page \thepage  undefined on input 
line 172.


LaTeX Warning: Citation `jin10prediction' on page \thepage  undefined on input 
line 173.


LaTeX Warning: Citation `oconnor10mood' on page \thepage  undefined on input li
ne 174.


LaTeX Warning: Citation `bollen11twitter' on page \thepage  undefined on input 
line 174.


LaTeX Warning: Citation `oconnor10mood' on page \thepage  undefined on input li
ne 178.


LaTeX Warning: Citation `bollen11twitter' on page \thepage  undefined on input 
line 179.

pdfTeX warning (ext4): destination with the same identifier (name{page.}) has b
een already used, duplicate ignored
<to be read again> 
                   \relax 
l.201 
       [2 <./figs/natural-images.pdf>]
LaTeX Font Info:    Try loading font information for U+msa on input line 204.

(/usr/share/texmf/tex/latex/amsfonts/umsa.fd
File: umsa.fd 2002/01/19 v2.2g AMS font definitions
)
LaTeX Font Info:    Try loading font information for U+msb on input line 204.

(/usr/share/texmf/tex/latex/amsfonts/umsb.fd
File: umsb.fd 2002/01/19 v2.2g AMS font definitions
)
LaTeX Font Info:    Try loading font information for U+lasy on input line 204.

(/usr/share/texmf/tex/latex/base/ulasy.fd
File: ulasy.fd 1998/08/17 v2.2e LaTeX symbol font definitions
)
<figs/newsat-12212009.png, id=168, 1197.47375pt x 593.21625pt>
File: figs/newsat-12212009.png Graphic file (type png)

<use figs/newsat-12212009.png>
<figs/sat-dec212009.png, id=169, 688.5725pt x 324.21124pt>
File: figs/sat-dec212009.png Graphic file (type png)

<use figs/sat-dec212009.png>
<figs/flickr-dec212009.png, id=170, 691.58376pt x 324.21124pt>
File: figs/flickr-dec212009.png Graphic file (type png)

<use figs/flickr-dec212009.png>
Overfull \hbox (7.13141pt too wide) in paragraph at lines 204--210
 [] 
 []

LaTeX Font Info:    Font shape `T1/ptm/bx/it' in size <9> not available
(Font)              Font shape `T1/ptm/b/it' tried instead on input line 222.

LaTeX Warning: Citation `ipcc2007climate' on page \thepage  undefined on input 
line 240.


LaTeX Warning: Citation `modisveg' on page \thepage  undefined on input line 29
4.


LaTeX Warning: Citation `modissnow' on page \thepage  undefined on input line 2
94.


Underfull \vbox (badness 10000) has occurred while \output is active []

)
(./relatedwork.tex
Underfull \hbox (badness 10000) in paragraph at lines 3--5

 []


Underfull \hbox (badness 10000) in paragraph at lines 3--5

 []


Underfull \hbox (badness 10000) in paragraph at lines 6--8

 []


Underfull \hbox (badness 10000) in paragraph at lines 6--8

 []


LaTeX Warning: Citation `Geo-Clustering of Images With Missing GeoTags' on page
 \thepage  undefined on input line 14.


LaTeX Warning: Citation `Mapping the world’s photos' on page \thepage  undefi
ned on input line 15.


LaTeX Warning: Citation `Geo-Location Estimation of Flickr Images: Social Web B
ased Enrichment' on page \thepage  undefined on input line 17.


LaTeX Warning: Citation `Who's Time is it anyway?' on page \thepage  undefined 
on input line 20.


LaTeX Warning: Citation `Leafsnap: A Computer Vision System for Automatic Plant
 Species Identification' on page \thepage  undefined on input line 28.


LaTeX Warning: Citation `Comparisons of Gist Models in Rapid Scene categorizati
on tasks' on page \thepage  undefined on input line 30.


Overfull \hbox (2.41202pt too wide) in paragraph at lines 30--32
[] \T1/ptm/m/n/9 [\T1/ptm/b/n/9 ?\T1/ptm/m/n/9 ] in-tro-duces mul-ti-ple Gist m
od-els in scene clas-si-fi-ca-tion. There
 []

pdfTeX warning (ext4): destination with the same identifier (name{page.}) has b
een already used, duplicate ignored
<to be read again> 
                   \relax 
l.33 ~
      \cite{Detecting subpixel woody vegetation in digital imagery using two...
[3]

LaTeX Warning: Citation `Detecting subpixel woody vegetation in digital imagery
 using two artificial intelligence approaches' on page \thepage  undefined on i
nput line 33.


LaTeX Warning: Citation `greenery and non-greenery image classification using a
daptive neuro-guzzy inference system' on page \thepage  undefined on input line
 41.


Underfull \hbox (badness 10000) in paragraph at lines 48--53

 []


Underfull \hbox (badness 10000) in paragraph at lines 48--53

 []


Underfull \hbox (badness 10000) in paragraph at lines 48--53

 []


LaTeX Warning: Citation `Aggarwal:2013vh' on page \thepage  undefined on input 
line 61.


LaTeX Warning: Citation `Golder:2011cy' on page \thepage  undefined on input li
ne 64.


LaTeX Warning: Citation `bollen11twitter' on page \thepage  undefined on input 
line 65.


LaTeX Warning: Citation `jin10prediction' on page \thepage  undefined on input 
line 67.


LaTeX Warning: Citation `Sakaki:2010uv' on page \thepage  undefined on input li
ne 68.


LaTeX Warning: Citation `ginsberg09flu' on page \thepage  undefined on input li
ne 74.


LaTeX Warning: Citation `Sadilek:2012wp' on page \thepage  undefined on input l
ine 77.


Overfull \hbox (9.03642pt too wide) in paragraph at lines 58--80
\T1/ptm/b/it/9 Crowd-sourcing from so-cial me-dia \T1/ptm/m/n/9 Sev-eral re-cen
t stud-ies have shown
 []


LaTeX Warning: Citation `meteo' on page \thepage  undefined on input line 85.


LaTeX Warning: Citation `ecology2012www' on page \thepage  undefined on input l
ine 87.


LaTeX Warning: Citation `singh10socialpixels' on page \thepage  undefined on in
put line 91.


LaTeX Warning: Citation `Leung:2010wa' on page \thepage  undefined on input lin
e 98.


LaTeX Warning: Citation `murdock' on page \thepage  undefined on input line 100
.


Underfull \vbox (badness 6364) has occurred while \output is active []



LaTeX Warning: Citation `greatsunflower' on page \thepage  undefined on input l
ine 112.


LaTeX Warning: Citation `ebirds' on page \thepage  undefined on input line 112.



LaTeX Warning: Citation `king09snowtweets' on page \thepage  undefined on input
 line 112.


LaTeX Warning: Citation `singhal2003spatialcontext' on page \thepage  undefined
 on input line 120.


LaTeX Warning: Citation `luo2003spatialcontext' on page \thepage  undefined on 
input line 120.


LaTeX Warning: Citation `boutell2006semanticfeature' on page \thepage  undefine
d on input line 131.


LaTeX Warning: Citation `boutell2005exploiting' on page \thepage  undefined on 
input line 131.


LaTeX Warning: Citation `rain2009IJCV' on page \thepage  undefined on input lin
e 133.


LaTeX Warning: Citation `li2009totalscene' on page \thepage  undefined on input
 line 140.


LaTeX Warning: Citation `li2007event' on page \thepage  undefined on input line
 140.


LaTeX Warning: Citation `XiaoHEOT10' on page \thepage  undefined on input line 
143.


LaTeX Warning: Citation `flower2006cvpr' on page \thepage  undefined on input l
ine 155.


Underfull \vbox (badness 10000) has occurred while \output is active []

pdfTeX warning (ext4): destination with the same identifier (name{page.}) has b
een already used, duplicate ignored
<to be read again> 
                   \relax 
l.164 
       [4 <./figs/newsat-12212009.png> <./figs/sat-dec212009.png> <./figs/flick
r-dec212009.png>]
Underfull \hbox (badness 10000) in paragraph at lines 166--171

 []


Underfull \hbox (badness 10000) in paragraph at lines 166--171

 []


Underfull \hbox (badness 10000) in paragraph at lines 166--171

 []


LaTeX Warning: Citation `lazer09' on page \thepage  undefined on input line 176
.


LaTeX Warning: Citation `feedback08kdd' on page \thepage  undefined on input li
ne 178.


LaTeX Warning: Citation `libennowell08' on page \thepage  undefined on input li
ne 179.


LaTeX Warning: Citation `brockmann06' on page \thepage  undefined on input line
 180.


LaTeX Warning: Citation `anagnostpopoulos08' on page \thepage  undefined on inp
ut line 181.


LaTeX Warning: Citation `bollen11twitter' on page \thepage  undefined on input 
line 189.


LaTeX Warning: Citation `jin10prediction' on page \thepage  undefined on input 
line 196.


LaTeX Warning: Citation `ginsberg09flu' on page \thepage  undefined on input li
ne 211.


LaTeX Warning: Citation `delongueville09' on page \thepage  undefined on input 
line 217.


LaTeX Warning: Citation `singh10socialpixels' on page \thepage  undefined on in
put line 222.


LaTeX Warning: Citation `lostladybug' on page \thepage  undefined on input line
 232.


LaTeX Warning: Citation `greatsunflower' on page \thepage  undefined on input l
ine 233.


Underfull \vbox (badness 3428) has occurred while \output is active []

)
(./methods.tex
Underfull \hbox (badness 10000) in paragraph at lines 4--6

 []


Underfull \hbox (badness 10000) in paragraph at lines 4--6

 []


Underfull \hbox (badness 10000) in paragraph at lines 7--9

 []


Underfull \hbox (badness 10000) in paragraph at lines 7--9

 []


Overfull \hbox (2.04341pt too wide) in paragraph at lines 12--13
[]\T1/ptm/m/n/9 A. Ex-tract-ing se-man-tics us-ing tags from in-di-vid-ual im-a
ges, which
 []


Underfull \hbox (badness 10000) in paragraph at lines 20--25

 []


Underfull \hbox (badness 10000) in paragraph at lines 20--25

 []


Underfull \hbox (badness 10000) in paragraph at lines 20--25

 []

pdfTeX warning (ext4): destination with the same identifier (name{page.}) has b
een already used, duplicate ignored
<to be read again> 
                   \relax 
l.31 
      [5]
Underfull \hbox (badness 10000) in paragraph at lines 37--42

 []


Underfull \hbox (badness 10000) in paragraph at lines 37--42

 []


Underfull \hbox (badness 10000) in paragraph at lines 37--42

 []


Underfull \hbox (badness 10000) in paragraph at lines 45--50

 []


Underfull \hbox (badness 10000) in paragraph at lines 45--50

 []


Underfull \hbox (badness 10000) in paragraph at lines 45--50

 []


LaTeX Warning: Citation `ghcn' on page \thepage  undefined on input line 71.


LaTeX Warning: Citation `modissnow' on page \thepage  undefined on input line 8
2.


LaTeX Warning: Citation `modisveg' on page \thepage  undefined on input line 83
.


Overfull \hbox (1.29668pt too wide) in paragraph at lines 137--139
\T1/ptm/m/n/9 cor-rect (e.g. be-cause peo-ple for-get to set their cam-era cloc
ks). 
 []


Package amsmath Warning: Foreign command \atopwithdelims;
(amsmath)                \frac or \genfrac should be used instead
(amsmath)                 on input line 174.

pdfTeX warning (ext4): destination with the same identifier (name{page.}) has b
een already used, duplicate ignored
<to be read again> 
                   \relax 
l.218 
       [6]
Overfull \hbox (14.01692pt too wide) in paragraph at lines 219--227
\T1/ptm/m/n/9 learned pa-ram-e-ters are: $\OML/cmm/m/it/9 p \OT1/cmr/m/n/9 = \O
ML/cmm/m/it/9 p\OT1/cmr/m/n/9 (\OML/cmm/m/it/9 s\OMS/cmsy/m/n/9 j\OML/cmm/m/it/
9 snow\OT1/cmr/m/n/9 ) = 17\OML/cmm/m/it/9 :\OT1/cmr/m/n/9 12%$\T1/ptm/m/n/9 , 
$\OML/cmm/m/it/9 q \OT1/cmr/m/n/9 = \OML/cmm/m/it/9 p\OT1/cmr/m/n/9 (\OML/cmm/m
/it/9 s\OMS/cmsy/m/n/9 j[]\OT1/cmr/m/n/9 ) =
 []


LaTeX Warning: Citation `szeliski' on page \thepage  undefined on input line 26
6.


LaTeX Warning: Citation `gist' on page \thepage  undefined on input line 269.


LaTeX Warning: Citation `hays' on page \thepage  undefined on input line 269.


LaTeX Warning: Citation `lab' on page \thepage  undefined on input line 278.

) (./results.tex
Underfull \hbox (badness 10000) in paragraph at lines 4--6

 []


Underfull \hbox (badness 10000) in paragraph at lines 4--6

 []


Underfull \hbox (badness 10000) in paragraph at lines 7--9

 []


Underfull \hbox (badness 10000) in paragraph at lines 7--9

 []


Overfull \hbox (27.76515pt too wide) in paragraph at lines 32--34
\T1/ptm/b/n/9 frequently-photographed places, maybe in-clud-ing a less-photogra
phed
 []

pdfTeX warning (ext4): destination with the same identifier (name{page.}) has b
een already used, duplicate ignored
<to be read again> 
                   \relax 
l.46 
      [7]
Underfull \hbox (badness 10000) in paragraph at lines 47--52

 []


Underfull \hbox (badness 10000) in paragraph at lines 47--52

 []


Underfull \hbox (badness 10000) in paragraph at lines 47--52

 []


LaTeX Warning: Citation `www paper' on page \thepage  undefined on input line 6
6.


Overfull \hbox (3.81686pt too wide) in paragraph at lines 112--114
\T1/ptm/m/n/9 We con-sider north Amer-ica area has more im-ages up-loaded to ph
oto-
 []


Underfull \hbox (badness 10000) in paragraph at lines 117--122

 []


Underfull \hbox (badness 10000) in paragraph at lines 117--122

 []


Underfull \hbox (badness 10000) in paragraph at lines 117--122

 []


LaTeX Warning: Citation `singhal2003spatialcontext' on page \thepage  undefined
 on input line 128.


LaTeX Warning: Citation `XiaoHEOT10' on page \thepage  undefined on input line 
131.


Overfull \hbox (1.07118pt too wide) in paragraph at lines 138--145
[]\T1/ptm/m/n/9 We thus be-gin by as-sem-bling a large-scale re-al-is-tic im-ag
e dataset,
 []

(./dataset.tex

LaTeX Warning: Citation `hays' on page \thepage  undefined on input line 26.

pdfTeX warning (ext4): destination with the same identifier (name{page.}) has b
een already used, duplicate ignored
<to be read again> 
                   \relax 
l.55 
      [8]) (./snowclassification.tex

LaTeX Warning: Citation `XiaoHEOT10' on page \thepage  undefined on input line 
31.


LaTeX Warning: Citation `torralba2008tiny' on page \thepage  undefined on input
 line 41.


Overfull \hbox (2.40329pt too wide) in paragraph at lines 46--61
\T1/ptm/b/it/9 Spatial Mo-ments \T1/ptm/m/n/9 Tiny im-ages cap-ture coarse colo
r and spa-tial scene
 []


Underfull \vbox (badness 3428) has occurred while \output is active []


<figs/ROC-curves.jpg, id=226, 803.0pt x 602.25pt>
File: figs/ROC-curves.jpg Graphic file (type jpg)
 <use figs/ROC-curves.jpg>
<figs/PR-curves.jpg, id=227, 803.0pt x 602.25pt>
File: figs/PR-curves.jpg Graphic file (type jpg)
 <use figs/PR-curves.jpg>

LaTeX Warning: Citation `korayem2012solving' on page \thepage  undefined on inp
ut line 122.


LaTeX Warning: Citation `oliva2001modeling' on page \thepage  undefined on inpu
t line 130.


LaTeX Warning: Citation `douze2009evaluation' on page \thepage  undefined on in
put line 133.

pdfTeX warning (ext4): destination with the same identifier (name{page.}) has b
een already used, duplicate ignored
<to be read again> 
                   \relax 
l.209 \xhdr{Reconstructing satellite snow maps}
                                                Finally, we tested whether
[9]

LaTeX Warning: Citation `ecology2012www' on page \thepage  undefined on input l
ine 215.


LaTeX Warning: Citation `ecology2012www' on page \thepage  undefined on input l
ine 229.


LaTeX Warning: Citation `modissnow' on page \thepage  undefined on input line 2
32.


Overfull \hbox (5.27472pt too wide) in paragraph at lines 222--237
[]\T1/ptm/m/n/9 To test this idea, we down-loaded pub-lic, geo-tagged, time-sta
mped
 []

<figs/satellite-map.pdf, id=239, 560.0925pt x 424.58624pt>
File: figs/satellite-map.pdf Graphic file (type pdf)

<use figs/satellite-map.pdf> <figs/tn1.jpg, id=241, 80.2197pt x 120.45pt>
File: figs/tn1.jpg Graphic file (type jpg)

<use figs/tn1.jpg> <figs/tn3.jpg, id=242, 120.45pt x 80.2197pt>
File: figs/tn3.jpg Graphic file (type jpg)

<use figs/tn3.jpg> <figs/tn5.jpg, id=243, 200.75pt x 150.5625pt>
File: figs/tn5.jpg Graphic file (type jpg)

<use figs/tn5.jpg> <figs/tn7.jpg, id=244, 501.875pt x 376.40625pt>
File: figs/tn7.jpg Graphic file (type jpg)

<use figs/tn7.jpg> <figs/tn9.jpg, id=245, 90.3375pt x 60.16478pt>
File: figs/tn9.jpg Graphic file (type jpg)

<use figs/tn9.jpg> <figs/tp1.jpg, id=246, 361.35pt x 271.0125pt>
File: figs/tp1.jpg Graphic file (type jpg)

<use figs/tp1.jpg> <figs/tp3.jpg, id=247, 271.0125pt x 361.35pt>
File: figs/tp3.jpg Graphic file (type jpg)

<use figs/tp3.jpg> <figs/tp6.jpg, id=248, 501.875pt x 376.40625pt>
File: figs/tp6.jpg Graphic file (type jpg)

<use figs/tp6.jpg> <figs/tp7.jpg, id=249, 501.875pt x 376.40625pt>
File: figs/tp7.jpg Graphic file (type jpg)

<use figs/tp7.jpg> <figs/tp9.jpg, id=250, 501.875pt x 376.40625pt>
File: figs/tp9.jpg Graphic file (type jpg)

<use figs/tp9.jpg> <figs/fp1.jpg, id=251, 501.875pt x 376.40625pt>
File: figs/fp1.jpg Graphic file (type jpg)

<use figs/fp1.jpg> <figs/fp3.jpg, id=252, 501.875pt x 334.24875pt>
File: figs/fp3.jpg Graphic file (type jpg)

<use figs/fp3.jpg> <figs/fp5.jpg, id=253, 501.875pt x 376.40625pt>
File: figs/fp5.jpg Graphic file (type jpg)

<use figs/fp5.jpg> <figs/fp7.jpg, id=254, 501.875pt x 336.25626pt>
File: figs/fp7.jpg Graphic file (type jpg)

<use figs/fp7.jpg> <figs/fp9.jpg, id=255, 501.875pt x 311.1625pt>
File: figs/fp9.jpg Graphic file (type jpg)

<use figs/fp9.jpg> <figs/fn2.jpg, id=256, 334.24875pt x 501.875pt>
File: figs/fn2.jpg Graphic file (type jpg)

<use figs/fn2.jpg> <figs/fn4.jpg, id=257, 78.2925pt x 120.45pt>
File: figs/fn4.jpg Graphic file (type jpg)

<use figs/fn4.jpg> <figs/fn5.jpg, id=258, 501.875pt x 376.40625pt>
File: figs/fn5.jpg Graphic file (type jpg)

<use figs/fn5.jpg> <figs/fn7.jpg, id=259, 376.40625pt x 282.30469pt>
File: figs/fn7.jpg Graphic file (type jpg)

<use figs/fn7.jpg> <figs/fn8.jpg, id=260, 501.875pt x 334.24875pt>
File: figs/fn8.jpg Graphic file (type jpg)

<use figs/fn8.jpg>) (./flowerclassification.texpdfTeX warning (ext4): destinati
on with the same identifier (name{page.}) has been already used, duplicate igno
red
<to be read again> 
                   \relax 
l.37 
      [10 <./figs/satellite-map.pdf> <./figs/ROC-curves.jpg> <./figs/PR-curves.
jpg>] <figs/closeup1.jpg, id=352, 501.875pt x 368.37625pt>
File: figs/closeup1.jpg Graphic file (type jpg)

<use figs/closeup1.jpg> <figs/field1.jpg, id=353, 501.875pt x 314.17375pt>
File: figs/field1.jpg Graphic file (type jpg)

<use figs/field1.jpg> <figs/nopoppy1.jpg, id=354, 200.75pt x 150.5625pt>
File: figs/nopoppy1.jpg Graphic file (type jpg)

<use figs/nopoppy1.jpg> <figs/closeup2.jpg, id=355, 66.49585pt x 93.13144pt>
File: figs/closeup2.jpg Graphic file (type jpg)

<use figs/closeup2.jpg> <figs/field2.jpg, id=356, 501.875pt x 376.40625pt>
File: figs/field2.jpg Graphic file (type jpg)

<use figs/field2.jpg> <figs/nopoppy2.jpg, id=357, 501.875pt x 376.40625pt>
File: figs/nopoppy2.jpg Graphic file (type jpg)

<use figs/nopoppy2.jpg>

LaTeX Warning: Citation `flower2006cvpr' on page \thepage  undefined on input l
ine 69.


Overfull \hbox (4.68973pt too wide) in paragraph at lines 64--71
\T1/ptm/m/n/9 com-par-i-son, we also im-ple-mented tech-niques based on bag-of-
words
 []


Underfull \vbox (badness 10000) has occurred while \output is active []



LaTeX Warning: Citation `varma2002classifying' on page \thepage  undefined on i
nput line 134.


Underfull \vbox (badness 10000) has occurred while \output is active []

pdfTeX warning (ext4): destination with the same identifier (name{page.}) has b
een already used, duplicate ignored
<to be read again> 
                   \relax 
l.187 \subsubsection
                    *{Results} [11 <./figs/tn1.jpg> <./figs/tn3.jpg> <./figs/tn
5.jpg> <./figs/tn7.jpg> <./figs/tn9.jpg> <./figs/tp1.jpg> <./figs/tp3.jpg> <./f
igs/tp6.jpg> <./figs/tp7.jpg> <./figs/tp9.jpg> <./figs/fp1.jpg> <./figs/fp3.jpg
> <./figs/fp5.jpg> <./figs/fp7.jpg> <./figs/fp9.jpg> <./figs/fn2.jpg> <./figs/f
n4.jpg> <./figs/fn5.jpg> <./figs/fn7.jpg> <./figs/fn8.jpg> <./figs/closeup1.jpg
> <./figs/field1.jpg> <./figs/nopoppy1.jpg> <./figs/closeup2.jpg> <./figs/field
2.jpg> <./figs/nopoppy2.jpg>]
<figs/ROC-curves_poppytype1.jpg, id=366, 803.0pt x 602.25pt>
File: figs/ROC-curves_poppytype1.jpg Graphic file (type jpg)

<use figs/ROC-curves_poppytype1.jpg>
<figs/PR-curves_poppytype1.jpg, id=367, 803.0pt x 602.25pt>
File: figs/PR-curves_poppytype1.jpg Graphic file (type jpg)

<use figs/PR-curves_poppytype1.jpg>)
Underfull \hbox (badness 10000) in paragraph at lines 153--158

 []


Underfull \hbox (badness 10000) in paragraph at lines 153--158

 []


Underfull \hbox (badness 10000) in paragraph at lines 153--158

 []

<plots/nyc_stations.png, id=371, 586.44093pt x 197.98969pt>
File: plots/nyc_stations.png Graphic file (type png)

<use plots/nyc_stations.png>
LaTeX Font Info:    Font shape `T1/ptm/bx/n' in size <8> not available
(Font)              Font shape `T1/ptm/b/n' tried instead on input line 282.


LaTeX Warning: Citation `auc' on page \thepage  undefined on input line 312.


Underfull \vbox (badness 1057) has occurred while \output is active []



LaTeX Warning: Citation `Fan2008' on page \thepage  undefined on input line 336
.

<plots/nyc_snow_ROC.png, id=380, 602.25pt x 406.51875pt>
File: plots/nyc_snow_ROC.png Graphic file (type png)

<use plots/nyc_snow_ROC.png>
<plots/city_cmp_snow_ROC.png, id=382, 602.25pt x 406.51875pt>
File: plots/city_cmp_snow_ROC.png Graphic file (type png)

<use plots/city_cmp_snow_ROC.png>
<plots/nyc_LibLinear_Tag-Info-conf-TagInfoConf_baseline.png, id=384, 602.25pt x
 406.51875pt>
File: plots/nyc_LibLinear_Tag-Info-conf-TagInfoConf_baseline.png Graphic file (
type png)
 <use plots/nyc_LibLinear_Tag-Info-conf-TagInfoConf_baseline.png>
<plots/ROC_4cities_Tags_conf_info.png, id=386, 602.25pt x 406.51875pt>
File: plots/ROC_4cities_Tags_conf_info.png Graphic file (type png)

<use plots/ROC_4cities_Tags_conf_info.png>
<plots/nyc_daily_maxsnow.png, id=390, 505.89pt x 286.06876pt>
File: plots/nyc_daily_maxsnow.png Graphic file (type png)

<use plots/nyc_daily_maxsnow.png>
<plots/nyc_daily_confidence.png, id=392, 505.89pt x 286.06876pt>
File: plots/nyc_daily_confidence.png Graphic file (type png)

<use plots/nyc_daily_confidence.png>
Underfull \vbox (badness 2865) has occurred while \output is active []

pdfTeX warning (ext4): destination with the same identifier (name{page.}) has b
een already used, duplicate ignored
<to be read again> 
                   \relax 
l.529 \begin{equation*}
                        [12 <./plots/nyc_stations.png>]
Underfull \vbox (badness 10000) has occurred while \output is active []

pdfTeX warning (ext4): destination with the same identifier (name{page.}) has b
een already used, duplicate ignored
<to be read again> 
                   \relax 
l.534 \end{equation*}
                      [13 <./plots/nyc_snow_ROC.png> <./plots/city_cmp_snow_ROC
.png> <./plots/nyc_LibLinear_Tag-Info-conf-TagInfoConf_baseline.png> <./plots/R
OC_4cities_Tags_conf_info.png> <./plots/nyc_daily_maxsnow.png (PNG copy)> <./pl
ots/nyc_daily_confidence.png (PNG copy)> <./figs/ROC-curves_poppytype1.jpg> <./
figs/PR-curves_poppytype1.jpg>]

LaTeX Warning: Citation `jin10prediction' on page \thepage  undefined on input 
line 547.


LaTeX Warning: Citation `squires5' on page \thepage  undefined on input line 57
8.


LaTeX Warning: Citation `john1995estimating' on page \thepage  undefined on inp
ut line 584.

<plots/chicago_noaa_vs_prediction_prev_3.png, id=423, 963.6pt x 514.17094pt>
File: plots/chicago_noaa_vs_prediction_prev_3.png Graphic file (type png)

<use plots/chicago_noaa_vs_prediction_prev_3.png>
Overfull \hbox (22.80042pt too wide) in paragraph at lines 634--640
 [] 
 []

<plots/votingconfidencepercentage.png, id=426, 602.25pt x 406.51875pt>
File: plots/votingconfidencepercentage.png Graphic file (type png)

<use plots/votingconfidencepercentage.png>
<plots/rawvsbest.png, id=428, 602.25pt x 406.51875pt>
File: plots/rawvsbest.png Graphic file (type png)

<use plots/rawvsbest.png>
<plots/filtered_ml_vis_snow.png, id=430, 602.25pt x 406.51875pt>
File: plots/filtered_ml_vis_snow.png Graphic file (type png)

<use plots/filtered_ml_vis_snow.png>
<plots/votingconfidencepercentagenosnow.png, id=432, 602.25pt x 406.51875pt>
File: plots/votingconfidencepercentagenosnow.png Graphic file (type png)

<use plots/votingconfidencepercentagenosnow.png>
<plots/rawvsbestnosnow.png, id=434, 602.25pt x 406.51875pt>
File: plots/rawvsbestnosnow.png Graphic file (type png)

<use plots/rawvsbestnosnow.png>
<plots/filtered_ml_vis_no_snow.png, id=436, 602.25pt x 406.51875pt>
File: plots/filtered_ml_vis_no_snow.png Graphic file (type png)

<use plots/filtered_ml_vis_no_snow.png>
Overfull \hbox (12.25104pt too wide) in paragraph at lines 839--856
 [] 
 []

pdfTeX warning (ext4): destination with the same identifier (name{page.}) has b
een already used, duplicate ignored
<to be read again> 
                   \relax 
l.1006 
        [14 <./plots/chicago_noaa_vs_prediction_prev_3.png>]
Overfull \hbox (3.34018pt too wide) in paragraph at lines 1076--1092
\T1/ptm/m/n/9 they are caused by the pres-ence or ab-sence of an ac-tual phe-no
menon.
 []

<plots/precvotes.png, id=449, 578.16pt x 433.62pt>
File: plots/precvotes.png Graphic file (type png)
 <use plots/precvotes.png>
Underfull \vbox (badness 10000) has occurred while \output is active []


Underfull \vbox (badness 4242) has occurred while \output is active []

pdfTeX warning (ext4): destination with the same identifier (name{page.}) has b
een already used, duplicate ignored
<to be read again> 
                   \relax 
l.1192 \end{table}
                   [15 <./plots/votingconfidencepercentage.png> <./plots/rawvsb
est.png> <./plots/filtered_ml_vis_snow.png> <./plots/votingconfidencepercentage
nosnow.png> <./plots/rawvsbestnosnow.png> <./plots/filtered_ml_vis_no_snow.png>
 <./plots/precvotes.png>]
<plots/alittlesnow.jpg, id=472, 501.875pt x 376.40625pt>
File: plots/alittlesnow.jpg Graphic file (type jpg)

<use plots/alittlesnow.jpg>
<plots/distantsnow.jpg, id=473, 501.875pt x 376.40625pt>
File: plots/distantsnow.jpg Graphic file (type jpg)

<use plots/distantsnow.jpg>
<plots/manmadesnow.jpg, id=474, 200.75pt x 150.5625pt>
File: plots/manmadesnow.jpg Graphic file (type jpg)

<use plots/manmadesnow.jpg>
<plots/nosnow.jpg, id=475, 115.07962pt x 86.30971pt>
File: plots/nosnow.jpg Graphic file (type jpg)
 <use plots/nosnow.jpg>
Overfull \hbox (1.1438pt too wide) in paragraph at lines 1264--1288
\T1/ptm/b/it/9 Machine learn-ing for tag se-lec-tion. \T1/ptm/m/n/9 Many of the
 above er-ror modes
 []


<plots/LibLinear_new_Bins4years2year2years_ROC_conf_IG_Tags_2.png, id=479, 602.
25pt x 451.6875pt>
File: plots/LibLinear_new_Bins4years2year2years_ROC_conf_IG_Tags_2.png Graphic 
file (type png)

<use plots/LibLinear_new_Bins4years2year2years_ROC_conf_IG_Tags_2.png>

LaTeX Warning: Citation `hall2009weka' on page \thepage  undefined on input lin
e 1328.


LaTeX Warning: Citation `CC01a' on page \thepage  undefined on input line 1329.



LaTeX Warning: Citation `su2008discriminative' on page \thepage  undefined on i
nput line 1330.


LaTeX Warning: Citation `Fan2008' on page \thepage  undefined on input line 133
1.

<plots/PhotosLimitUser_ROC_Human.png, id=482, 578.16pt x 433.62pt>
File: plots/PhotosLimitUser_ROC_Human.png Graphic file (type png)

<use plots/PhotosLimitUser_ROC_Human.png>
Underfull \vbox (badness 2261) has occurred while \output is active []

pdfTeX warning (ext4): destination with the same identifier (name{page.}) has b
een already used, duplicate ignored
<to be read again> 
                   \relax 
l.1552 
        [16 <./plots/alittlesnow.jpg> <./plots/distantsnow.jpg> <./plots/manmad
esnow.jpg> <./plots/nosnow.jpg> <./plots/LibLinear_new_Bins4years2year2years_RO
C_conf_IG_Tags_2.png>]
Overfull \hbox (6.33455pt too wide) in paragraph at lines 1720--1720
[]\secfnt Estimating veg-e-ta-tion cover (may move for-
 []


LaTeX Warning: Citation `Fan2008' on page \thepage  undefined on input line 177
9.

<plots/greenery.png, id=497, 602.25pt x 406.51875pt>
File: plots/greenery.png Graphic file (type png)
 <use plots/greenery.png>
<plots/greenery_LibLinear_Snow_1_curves_ROC.png, id=498, 602.25pt x 406.51875pt
>
File: plots/greenery_LibLinear_Snow_1_curves_ROC.png Graphic file (type png)
 <use plots/greenery_LibLinear_Snow_1_curves_ROC.png>)pdfTeX warning (ext4): de
stination with the same identifier (name{page.}) has been already used, duplica
te ignored
<to be read again> 
                   \relax 
l.72 \newpage
              [17 <./plots/PhotosLimitUser_ROC_Human.png> <./plots/greenery.png
> <./plots/greenery_LibLinear_Snow_1_curves_ROC.png>] (./conclusion.tex
Underfull \hbox (badness 10000) in paragraph at lines 4--6

 []


Underfull \hbox (badness 10000) in paragraph at lines 4--6

 []


Underfull \hbox (badness 10000) in paragraph at lines 7--9

 []


Underfull \hbox (badness 10000) in paragraph at lines 7--9

 []


Underfull \hbox (badness 10000) in paragraph at lines 12--17

 []


Underfull \hbox (badness 10000) in paragraph at lines 12--17

 []


Underfull \hbox (badness 10000) in paragraph at lines 12--17

 []


Underfull \hbox (badness 10000) in paragraph at lines 53--58

 []


Underfull \hbox (badness 10000) in paragraph at lines 53--58

 []


Underfull \hbox (badness 10000) in paragraph at lines 53--58

 []

)pdfTeX warning (ext4): destination with the same identifier (name{page.}) has 
been already used, duplicate ignored
<to be read again> 
                   \relax 
l.78 \end{document}
                    [18] (./main.aux) ) 
Here is how much of TeX's memory you used:
 4583 strings out of 256216
 62457 string characters out of 1917085
 132308 words of memory out of 1500000
 7637 multiletter control sequences out of 10000+200000
 53807 words of font info for 68 fonts, out of 1200000 for 2000
 645 hyphenation exceptions out of 8191
 39i,14n,36p,877b,394s stack positions out of 5000i,500n,6000p,200000b,15000s
{/usr/share/texmf/fonts/enc/dvips/base/8
r.enc}</usr/share/texmf/fonts/type1/bluesky/cm/cmmi6.pfb></usr/share/texmf/font
s/type1/bluesky/cm/cmmi8.pfb></usr/share/texmf/fonts/type1/bluesky/cm/cmmi9.pfb
></usr/share/texmf/fonts/type1/bluesky/cm/cmr6.pfb></usr/share/texmf/fonts/type
1/bluesky/cm/cmr9.pfb></usr/share/texmf/fonts/type1/bluesky/cm/cmsy6.pfb></usr/
share/texmf/fonts/type1/bluesky/cm/cmsy9.pfb></usr/share/texmf/fonts/type1/publ
ic/cmex/fmex9.pfb></usr/share/texmf/fonts/type1/urw/times/utmb8a.pfb></usr/shar
e/texmf/fonts/type1/urw/times/utmbi8a.pfb></usr/share/texmf/fonts/type1/urw/tim
es/utmr8a.pfb></usr/share/texmf/fonts/type1/urw/times/utmri8a.pfb>
Output written on main.pdf (18 pages, 12042757 bytes).
PDF statistics:
 569 PDF objects out of 1000 (max. 8388607)
 72 named destinations out of 1000 (max. 131072)
 499 words of extra memory for PDF output out of 10000 (max. 10000000)




LaTeX Warning: Reference `fig:dmnb-classifier' on page \thepage  undefined on i
nput line 1359.


LaTeX Warning: Reference `eq:conf' on page \thepage  undefined on input line 13
60.

<plots/PhotosLimitUser_ROC_Human.png, id=403, 578.16pt x 433.62pt>
File: plots/PhotosLimitUser_ROC_Human.png Graphic file (type png)

<use plots/PhotosLimitUser_ROC_Human.png>

LaTeX Warning: Reference `fig:PhotosLimitUser_ROC_NASA' on page \thepage  undef
ined on input line 1543.


Underfull \vbox (badness 2261) has occurred while \output is active []

pdfTeX warning (ext4): destination with the same identifier (name{page.}) has b
een already used, duplicate ignored
<to be read again> 
                   \relax 
l.1552 
        [16 <./plots/alittlesnow.jpg> <./plots/distantsnow.jpg> <./plots/manmad
esnow.jpg> <./plots/nosnow.jpg> <./plots/LibLinear_new_Bins4years2year2years_RO
C_conf_IG_Tags_2.png>]

LaTeX Warning: Reference `sec:methods' on page \thepage  undefined on input lin
e 1632.


LaTeX Warning: Reference `sec:methods' on page \thepage  undefined on input lin
e 1637.


LaTeX Warning: Reference `fig:votingconfidencepercentage' on page \thepage  und
efined on input line 1646.


Overfull \hbox (6.33455pt too wide) in paragraph at lines 1720--1720
[]\secfnt Estimating veg-e-ta-tion cover (may move for-
 []


LaTeX Warning: Reference `sec:methods' on page \thepage  undefined on input lin
e 1725.


LaTeX Warning: Reference `fig:greenery' on page \thepage  undefined on input li
ne 1745.


LaTeX Warning: Citation `Fan2008' on page \thepage  undefined on input line 177
9.


LaTeX Warning: Reference `fig:liblinear_greenery' on page \thepage  undefined o
n input line 1781.

<plots/greenery.png, id=411, 602.25pt x 406.51875pt>
File: plots/greenery.png Graphic file (type png)
 <use plots/greenery.png>
<plots/greenery_LibLinear_Snow_1_curves_ROC.png, id=412, 602.25pt x 406.51875pt
>
File: plots/greenery_LibLinear_Snow_1_curves_ROC.png Graphic file (type png)
 <use plots/greenery_LibLinear_Snow_1_curves_ROC.png>)pdfTeX warning (ext4): de
stination with the same identifier (name{page.}) has been already used, duplica
te ignored
<to be read again> 
                   \relax 
l.72 \newpage
              [17 <./plots/PhotosLimitUser_ROC_Human.png> <./plots/greenery.png
> <./plots/greenery_LibLinear_Snow_1_curves_ROC.png>] (./conclusion.tex
Underfull \hbox (badness 10000) in paragraph at lines 4--6

 []


Underfull \hbox (badness 10000) in paragraph at lines 4--6

 []


Underfull \hbox (badness 10000) in paragraph at lines 7--9

 []


Underfull \hbox (badness 10000) in paragraph at lines 7--9

 []


Underfull \hbox (badness 10000) in paragraph at lines 12--17

 []


Underfull \hbox (badness 10000) in paragraph at lines 12--17

 []


Underfull \hbox (badness 10000) in paragraph at lines 12--17

 []


Underfull \hbox (badness 10000) in paragraph at lines 53--58

 []


Underfull \hbox (badness 10000) in paragraph at lines 53--58

 []


Underfull \hbox (badness 10000) in paragraph at lines 53--58

 []

)pdfTeX warning (ext4): destination with the same identifier (name{page.}) has 
been already used, duplicate ignored
<to be read again> 
                   \relax 
l.78 \end{document}
                    [18] (./main.aux)

LaTeX Warning: There were undefined references.


LaTeX Warning: Label(s) may have changed. Rerun to get cross-references right.

 ) 
Here is how much of TeX's memory you used:
 4570 strings out of 256216
 62288 string characters out of 1917085
 126321 words of memory out of 1500000
 7624 multiletter control sequences out of 10000+200000
 53807 words of font info for 68 fonts, out of 1200000 for 2000
 645 hyphenation exceptions out of 8191
 39i,14n,36p,877b,394s stack positions out of 5000i,500n,6000p,200000b,15000s
{/usr/share/texmf/fonts/enc/dvips/base/8r.enc}</usr/share/texmf/fonts/type1/b
luesky/cm/cmmi6.pfb></usr/share/texmf/fonts/type1/bluesky/cm/cmmi8.pfb></usr/sh
are/texmf/fonts/type1/bluesky/cm/cmmi9.pfb></usr/share/texmf/fonts/type1/bluesk
y/cm/cmr6.pfb></usr/share/texmf/fonts/type1/bluesky/cm/cmr9.pfb></usr/share/tex
mf/fonts/type1/bluesky/cm/cmsy6.pfb></usr/share/texmf/fonts/type1/bluesky/cm/cm
sy9.pfb></usr/share/texmf/fonts/type1/public/cmex/fmex9.pfb></usr/share/texmf/f
onts/type1/urw/times/utmb8a.pfb></usr/share/texmf/fonts/type1/urw/times/utmbi8a
.pfb></usr/share/texmf/fonts/type1/urw/times/utmr8a.pfb></usr/share/texmf/fonts
/type1/urw/times/utmri8a.pfb>
Output written on main.pdf (18 pages, 12031783 bytes).
PDF statistics:
 485 PDF objects out of 1000 (max. 8388607)
 72 named destinations out of 1000 (max. 131072)
 403 words of extra memory for PDF output out of 10000 (max. 10000000)

